<?xml version="1.0" encoding="UTF-8"?>
<!-- Generated by org.testng.reporters.JUnitXMLReporter -->
<testsuite ignored="0" hostname="idc229" failures="0" tests="4" name="Test" time="26.091" errors="0" timestamp="2024-09-02T15:40:27 IST">
  <testcase classname="tests.TestDummy" name="testDummy" time="0.018"/>
  <testcase classname="tests.Login" name="login" time="2.486"/>
  <testcase classname="tests.Login" name="login" time="11.843"/>
  <testcase classname="tests.TestTwo" name="testTwo" time="0.001"/>
</testsuite> <!-- Test -->
